<?xml version="1.0" encoding="UTF-8"?>
<!-- Generated by org.testng.reporters.JUnitXMLReporter -->
<testsuite ignored="0" hostname="DESKTOP-LO5SJKH" failures="0" tests="5" name="book-flight-1" time="65.838" errors="0" timestamp="31 Aug 2021 17:58:33 GMT">
  <testcase classname="com.newtours.tests.BookFlightTest" name="registrationPage" time="43.875"/>
  <testcase classname="com.newtours.tests.BookFlightTest" name="registrationConfirmationPage" time="0.331"/>
  <testcase classname="com.newtours.tests.BookFlightTest" name="flightDetailsPage" time="1.955"/>
  <testcase classname="com.newtours.tests.BookFlightTest" name="findFlightPage" time="0.827"/>
  <testcase classname="com.newtours.tests.BookFlightTest" name="flightConfirmationPage" time="0.597"/>
</testsuite> <!-- book-flight-1 -->
