<?xml version="1.0" encoding="UTF-8"?>
<!-- Generated by org.testng.reporters.JUnitXMLReporter -->
<testsuite ignored="0" hostname="DESKTOP-LO5SJKH" failures="0" tests="5" name="book-flight-2" time="26.602" errors="0" timestamp="31 Aug 2021 17:59:00 GMT">
  <testcase classname="com.newtours.tests.BookFlightTest" name="registrationPage" time="13.426"/>
  <testcase classname="com.newtours.tests.BookFlightTest" name="registrationConfirmationPage" time="0.323"/>
  <testcase classname="com.newtours.tests.BookFlightTest" name="flightDetailsPage" time="2.253"/>
  <testcase classname="com.newtours.tests.BookFlightTest" name="findFlightPage" time="1.089"/>
  <testcase classname="com.newtours.tests.BookFlightTest" name="flightConfirmationPage" time="0.654"/>
</testsuite> <!-- book-flight-2 -->
