<?xml version="1.0" encoding="UTF-8"?>
<!-- Generated by org.testng.reporters.JUnitXMLReporter -->
<testsuite ignored="0" hostname="DESKTOP-LO5SJKH" failures="0" tests="5" name="book-flight-4" time="33.697" errors="0" timestamp="31 Aug 2021 18:00:12 GMT">
  <testcase classname="com.newtours.tests.BookFlightTest" name="registrationPage" time="13.992"/>
  <testcase classname="com.newtours.tests.BookFlightTest" name="registrationConfirmationPage" time="0.293"/>
  <testcase classname="com.newtours.tests.BookFlightTest" name="flightDetailsPage" time="2.371"/>
  <testcase classname="com.newtours.tests.BookFlightTest" name="findFlightPage" time="0.911"/>
  <testcase classname="com.newtours.tests.BookFlightTest" name="flightConfirmationPage" time="1.101"/>
</testsuite> <!-- book-flight-4 -->
